
/home/runner/work/exp-basics-input-components-dei/exp-basics-input-components-dei/experiment/simulation/photoresistor/src/js/buzzer.js
   7:10  warning  'changePowerBuzzer' is defined but never used  no-unused-vars
  25:10  warning  'changeBuzzerImage' is defined but never used  no-unused-vars
  39:10  warning  'togglePlay' is defined but never used         no-unused-vars

/home/runner/work/exp-basics-input-components-dei/exp-basics-input-components-dei/experiment/simulation/photoresistor/src/js/main.js
   3:10  warning  'changePower' is defined but never used  no-unused-vars
  21:10  warning  'changeImage' is defined but never used  no-unused-vars

/home/runner/work/exp-basics-input-components-dei/exp-basics-input-components-dei/experiment/simulation/potentiometer/src/js/buzzer.js
   5:10  warning  'changePowerBuzzer' is defined but never used         no-unused-vars
  36:10  warning  'changePotentiometerImage' is defined but never used  no-unused-vars
  37:7   warning  'image' is assigned a value but never used            no-unused-vars
  57:10  warning  'changeBuzzerImage' is defined but never used         no-unused-vars

/home/runner/work/exp-basics-input-components-dei/exp-basics-input-components-dei/experiment/simulation/potentiometer/src/js/main.js
   3:10  warning  'changePower' is defined but never used     no-unused-vars
  19:10  warning  'changeImage' is defined but never used     no-unused-vars
  30:10  warning  'changeLedColor' is defined but never used  no-unused-vars

/home/runner/work/exp-basics-input-components-dei/exp-basics-input-components-dei/experiment/simulation/pushbutton/src/js/main.js
  14:10  warning  'changePower' is defined but never used  no-unused-vars
  32:10  warning  'changeImage' is defined but never used  no-unused-vars

/home/runner/work/exp-basics-input-components-dei/exp-basics-input-components-dei/experiment/simulation/slideswitch/src/js/buzzer.js
   7:10  warning  'changePowerBuzzer' is defined but never used  no-unused-vars
  25:10  warning  'changeBuzzerImage' is defined but never used  no-unused-vars
  39:10  warning  'togglePlay' is defined but never used         no-unused-vars

/home/runner/work/exp-basics-input-components-dei/exp-basics-input-components-dei/experiment/simulation/slideswitch/src/js/main.js
  14:10  warning  'changePower' is defined but never used  no-unused-vars
  32:10  warning  'changeImage' is defined but never used  no-unused-vars

✖ 19 problems (0 errors, 19 warnings)

